[2026-01-20 00:00:01] === Scheduled Publish Task Started ===
[2026-01-20 00:00:01] --- Starting aoao.py ---
[2026-01-20 00:00:15] ✅ aoao.py Success.
Output Summary:
Generating 404.html...
Generating rss.xml...
Generation complete.
>>> emusk.cn: Deploying...

[2/3] Deploying to git@github.com:aoaolife/emusk.github.io.git...
Pushing to gh-pages branch...
Successfully deployed!

>>> emusk.cn Published Successfully!
[2026-01-20 00:00:15] === Task Completed ===
[2026-02-22 00:00:08] === Scheduled Publish Task Started ===
[2026-02-22 00:00:08] --- Starting aoao.py ---
[2026-02-22 00:01:05] ✅ aoao.py Success.
Output Summary:
>>> Cascading to emusk.cn...

🚀 Generating Site: 马斯克中文日记...
  Processing 69 files...
  Done. 0 processed, 69 cached.
  Generating Category Landing Pages...
  Generating About Page...
  Generation complete.

🚀 Deploying to git@github.com:aoaolife/emusk.github.io.git...
[2026-02-22 00:01:05] === Task Completed ===
[2026-02-23 00:00:05] === Scheduled Publish Task Started ===
[2026-02-23 00:00:05] --- Starting aoao.py ---
[2026-02-23 00:00:25] ✅ aoao.py Success.
Output Summary:
>>> Cascading to emusk.cn...

🚀 Generating Site: 马斯克中文日记...
  Processing 70 files...
  Done. 1 processed, 69 cached.
  Generating Category Landing Pages...
  Generating About Page...
  Generation complete.

🚀 Deploying to git@github.com:aoaolife/emusk.github.io.git...
[2026-02-23 00:00:25] === Task Completed ===
[2026-02-24 00:00:25] === Scheduled Publish Task Started ===
[2026-02-24 00:00:25] --- Starting aoao.py ---
[2026-02-24 00:02:37] ✅ aoao.py Success.
Output Summary:
>>> Cascading to emusk.cn...

🚀 Generating Site: 马斯克中文日记...
  Processing 71 files...
  Done. 1 processed, 70 cached.
  Generating Category Landing Pages...
  Generating About Page...
  Generation complete.

🚀 Deploying to git@github.com:aoaolife/emusk.github.io.git...
[2026-02-24 00:02:38] === Task Completed ===
[2026-02-25 00:00:04] === Scheduled Publish Task Started ===
[2026-02-25 00:00:04] --- Starting aoao.py ---
[2026-02-25 00:01:40] ✅ aoao.py Success.
Output Summary:
>>> Cascading to emusk.cn...

🚀 Generating Site: 马斯克中文日记...
  Processing 72 files...
  Done. 5 processed, 67 cached.
  Generating Category Landing Pages...
  Generating About Page...
  Generation complete.

🚀 Deploying to git@github.com:aoaolife/emusk.github.io.git...
[2026-02-25 00:01:40] === Task Completed ===
