2025-11-10 21:39:59: 清除公共目录: C:\aoaolifepublic
2025-11-10 21:39:59: 处理 Markdown 文件: C:\aoaolife\aoaoIT技术项目\aoao信息网络安全\分级保护全套方案-aoaoIT技术项目-aoao信息网络安全.md
2025-11-10 21:39:59: 处理 Markdown 文件: C:\aoaolife\aoaoTemp\好用的邮箱邮件地址没人用啊2025年09月25日.md
2025-11-10 21:39:59: 处理 Markdown 文件: C:\aoaolife\aoaoTemp\没注册好邮箱001.md
2025-11-10 21:39:59: 处理 Markdown 文件: C:\aoaolife\aoao人工技术服务咨询\aoao.life网页截图系统.md
2025-11-10 21:39:59: 处理 Markdown 文件: C:\aoaolife\aoao人工技术服务咨询\001-aoao免费福利\Perplexity AI 高级会员Paypal用户免费200美元.md
2025-11-10 21:39:59: 处理 Markdown 文件: C:\aoaolife\aoao人工技术服务咨询\001-aoao免费福利\免费发放edu邮箱，大型企业邮箱.md
2025-11-10 21:39:59: 处理 Markdown 文件: C:\aoaolife\aoao人工技术服务咨询\aoaoPython静态网站生成发布系统\aoaoPython静态网站生成发布系统.md
2025-11-10 21:39:59: 处理 Markdown 文件: C:\aoaolife\aoao人工技术服务咨询\aoao图片视频压缩水印工具\aoao图片视频压缩水印工具.md
2025-11-10 21:39:59: 处理 Markdown 文件: C:\aoaolife\aoao人工技术服务咨询\aoao无效邮箱地址清除系统\aoao无效邮箱地址清除系统.md
2025-11-10 21:39:59: 处理 Markdown 文件: C:\aoaolife\aoao人工技术服务咨询\aoao爬虫系统\aoao网站网页拉取系统数据采集.md
2025-11-10 21:39:59: 处理 Markdown 文件: C:\aoaolife\aoao人工技术服务咨询\aoao邮件系统邮件群发系统\aoao邮件EDM发送系统邮件群发系统.md
2025-11-10 21:39:59: 处理 Markdown 文件: C:\aoaolife\aoao生活\aoao娱乐八卦\Maggie Q，吴彦祖为她流泪，陈冠希对她念念不忘.md
2025-11-10 21:39:59: 处理 Markdown 文件: C:\aoaolife\aoao生活\aoao娱乐八卦\冯德伦带舒淇回家她想起黎明.md
2025-11-10 21:39:59: 处理 Markdown 文件: C:\aoaolife\aoao生活\aoao娱乐八卦\叶蕴仪拒绝林志颖的表白.md
2025-11-10 21:39:59: 处理 Markdown 文件: C:\aoaolife\aoao生活\aoao娱乐八卦\张学友公开和弟弟张学智断绝关系.md
2025-11-10 21:39:59: 处理 Markdown 文件: C:\aoaolife\aoao生活\aoao娱乐八卦\张敏脸颊无肉，不富贵，恐克夫.md
2025-11-10 21:39:59: 处理 Markdown 文件: C:\aoaolife\aoao生活\aoao娱乐八卦\成龙前女友上演大尺度的电影.md
2025-11-10 21:39:59: 处理 Markdown 文件: C:\aoaolife\aoao生活\aoao娱乐八卦\梁家辉对张曼玉说：“我们以后就不要再来往了.md
2025-11-10 21:39:59: 处理 Markdown 文件: C:\aoaolife\aoao生活\aoao娱乐八卦\演员李赛凤与干儿子在家里通奸，被老公捉现行！.md
2025-11-10 21:39:59: 处理 Markdown 文件: C:\aoaolife\aoao生活\aoao娱乐八卦\罗慧娟对周星驰说神经病.md
2025-11-10 21:39:59: 处理 Markdown 文件: C:\aoaolife\aoao生活\aoao娱乐八卦\贫穷的郭晋安向相恋4年的女友刘小慧求婚被拒.md
2025-11-10 21:39:59: 处理 Markdown 文件: C:\aoaolife\aoao生活\aoao娱乐八卦\韩红被继父赶出家门.md
2025-11-10 21:39:59: 处理 Markdown 文件: C:\aoaolife\aoao生活\aoao游戏\霸王大陆.md
2025-11-10 21:39:59: 处理 Markdown 文件: C:\aoaolife\aoao生活\aoao电影电视\电影《头号玩家》（Ready Player One）.md
2025-11-10 21:39:59: 处理 Markdown 文件: C:\aoaolife\aoao生活\aoao电影电视\罗小黑战记 (2019).md
2025-11-10 21:39:59: 处理 Markdown 文件: C:\aoaolife\aoao生活\aoao电影电视\西西里的美丽传说.md
2025-11-10 21:39:59: 处理 Markdown 文件: C:\aoaolife\aoao生活\aoao阅读学习\2分钟规则.md
2025-11-10 21:39:59: 处理 Markdown 文件: C:\aoaolife\aoao生活\aoao阅读学习\67岁的梁锦松为了让41岁的伏明霞再拼第4胎,为什么土豪爱娶明星，而真正的富豪却娶运动员.md
2025-11-10 21:39:59: 处理 Markdown 文件: C:\aoaolife\aoao生活\aoao阅读学习\AI图片生成.md
2025-11-10 21:39:59: 处理 Markdown 文件: C:\aoaolife\aoao生活\aoao阅读学习\万物简史.md
2025-11-10 21:39:59: 处理 Markdown 文件: C:\aoaolife\aoao生活\aoao阅读学习\不读大学，人生怎么办.md
2025-11-10 21:39:59: 处理 Markdown 文件: C:\aoaolife\aoao生活\aoao阅读学习\努力是没有用的.md
2025-11-10 21:39:59: 处理 Markdown 文件: C:\aoaolife\aoao生活\aoao阅读学习\如何拍出爆款视频.md
2025-11-10 21:39:59: 处理 Markdown 文件: C:\aoaolife\aoao生活\aoao阅读学习\幸存者偏见.md
2025-11-10 21:39:59: 处理 Markdown 文件: C:\aoaolife\aoao生活\aoao阅读学习\恋爱脑袋下场.md
2025-11-10 21:39:59: 处理 Markdown 文件: C:\aoaolife\aoao生活\aoao阅读学习\感动壁虎故事.md
2025-11-10 21:39:59: 处理 Markdown 文件: C:\aoaolife\aoao生活\aoao阅读学习\找个专门时间专注几个小时.md
2025-11-10 21:39:59: 处理 Markdown 文件: C:\aoaolife\aoao生活\aoao阅读学习\杰文斯悖论.md
2025-11-10 21:39:59: 处理 Markdown 文件: C:\aoaolife\aoao生活\aoao阅读学习\系统设计、架构、DevOps、云计算.md
2025-11-10 21:39:59: 处理 Markdown 文件: C:\aoaolife\aoao生活\aoao阅读学习\自媒牛人看法.md
2025-11-10 21:39:59: 处理 Markdown 文件: C:\aoaolife\aoao生活\aoao阅读学习\领导者的三种模式。.md
2025-11-10 21:39:59: 处理 Markdown 文件: C:\aoaolife\aoao生活\aoao音乐\That Girl (那个女孩) - Olly Murs 奥利·默斯（2016）骄傲如隐形枷锁，囚禁真爱于脑海幽谷，“I let her get away”一叹，唤醒错过的永恒回响，教我们拥抱脆弱的救赎。.md
2025-11-10 21:39:59: 处理 Markdown 文件: C:\aoaolife\aoao生活\aoao音乐\《APT. (公寓游戏)-ROSÉ & Bruno Mars》 如一场韩式叠手游戏，虚拟调情瞬间崩塌成真实狂欢，“Kissy face”背后的渴望，点燃都市夜的自由火花.md
2025-11-10 21:39:59: 处理 Markdown 文件: C:\aoaolife\aoao生活\aoao音乐\《Bye Bye Bye 拜拜拜-NSYNC》 24年后依然燃爆全球，死侍都要为之起舞的永恒流行经典.md
2025-11-10 21:39:59: 处理 Markdown 文件: C:\aoaolife\aoao生活\aoao音乐\《Imagine 想象-John Lennon》 从“无天堂”到“活如一体”，这旋律化身为反战圣歌，激发人性中尘封的共享与纯真，永不过时。.md
2025-11-10 21:39:59: 处理 Markdown 文件: C:\aoaolife\aoao生活\aoao音乐\《La La Love On My Mind 爱在我心中-Ann Winsborn》 青春女性的大胆追爱宣言，自由与热烈交错，忠于真实的心跳瞬间。.md
2025-11-10 21:39:59: 处理 Markdown 文件: C:\aoaolife\aoao随笔\aoao手搓的python静态网站生成系统_20250901_190257.md
2025-11-10 21:39:59: 处理 Markdown 文件: C:\aoaolife\aoao随笔\aoao娱乐八卦\4年花光黎明7.5亿的女人，宁嫁‘破产老头’也不与黎明白头，她在图什么？.md
2025-11-10 21:39:59: 处理 Markdown 文件: C:\aoaolife\aoao随笔\aoao娱乐八卦\50岁副院长×女主任医院战斗17分钟高清视频.md
2025-11-10 21:39:59: 处理 Markdown 文件: C:\aoaolife\aoao随笔\aoao娱乐八卦\丁克多年的谭咏麟要带儿子回家.md
2025-11-10 21:39:59: 处理 Markdown 文件: C:\aoaolife\aoao随笔\aoao娱乐八卦\为什么土豪爱娶明星，而真正的富豪却娶运动员,67岁的梁锦松为了让41岁的伏明霞再拼第4胎.md
2025-11-10 21:39:59: 处理 Markdown 文件: C:\aoaolife\aoao随笔\aoao娱乐八卦\你老婆邱淑贞是王晶的情人，这样的女人你也敢娶啊.md
2025-11-10 21:39:59: 处理 Markdown 文件: C:\aoaolife\aoao随笔\aoao娱乐八卦\倪萍会拔管99岁姥姥.md
2025-11-10 21:39:59: 处理 Markdown 文件: C:\aoaolife\aoao随笔\aoao娱乐八卦\冯德伦带舒淇回家她想起黎明.md
2025-11-10 21:39:59: 处理 Markdown 文件: C:\aoaolife\aoao随笔\aoao娱乐八卦\吉尼斯世界纪录贼王张子强.md
2025-11-10 21:39:59: 处理 Markdown 文件: C:\aoaolife\aoao随笔\aoao娱乐八卦\向华强的妻子向太无法移民其实.md
2025-11-10 21:39:59: 处理 Markdown 文件: C:\aoaolife\aoao随笔\aoao娱乐八卦\张学友：因酗酒遭分手，戒酒后再续前缘.md
2025-11-10 21:39:59: 处理 Markdown 文件: C:\aoaolife\aoao随笔\aoao娱乐八卦\张敏脸颊无肉，不富贵，恐克夫.md
2025-11-10 21:39:59: 处理 Markdown 文件: C:\aoaolife\aoao随笔\aoao娱乐八卦\张柏芝与三个儿子.md
2025-11-10 21:39:59: 处理 Markdown 文件: C:\aoaolife\aoao随笔\aoao娱乐八卦\怀孕的吴绮莉向成龙摊牌.md
2025-11-10 21:39:59: 处理 Markdown 文件: C:\aoaolife\aoao随笔\aoao娱乐八卦\李泽楷为了梁洛施对杨受成发大火.md
2025-11-10 21:39:59: 处理 Markdown 文件: C:\aoaolife\aoao随笔\aoao娱乐八卦\李连杰迎娶利智-“情义千斤，不敌胸脯四两。”.md
2025-11-10 21:39:59: 处理 Markdown 文件: C:\aoaolife\aoao随笔\aoao娱乐八卦\梅艳芳张国荣深情拥吻长达两分钟.md
2025-11-10 21:39:59: 处理 Markdown 文件: C:\aoaolife\aoao随笔\aoao娱乐八卦\演员李赛凤与干儿子在家里通奸，被老公捉现行！.md
2025-11-10 21:39:59: 处理 Markdown 文件: C:\aoaolife\aoao随笔\aoao娱乐八卦\王晶评“港圈四大美人”：青霞男相，嘉欣没肉，祖贤腿粗，最中意是她！.md
2025-11-10 21:39:59: 处理 Markdown 文件: C:\aoaolife\aoao随笔\aoao娱乐八卦\郑伊健的几段恋情.md
2025-11-10 21:39:59: 处理 Markdown 文件: C:\aoaolife\aoao随笔\aoao娱乐八卦\钱再多也没用！63岁在日本养老的梁朝伟.md
2025-11-10 21:39:59: 处理 Markdown 文件: C:\aoaolife\aoao随笔\aoao娱乐八卦\陈百强、何超琼、许晋亨同框.md
2025-11-10 21:39:59: 处理 Markdown 文件: C:\aoaolife\aoao随笔\政治经济\5G 基站有多耗电？.md
2025-11-10 21:39:59: 处理 Markdown 文件: C:\aoaolife\aoao随笔\政治经济\aoao聊碳排放聊全球温度.md
2025-11-10 21:39:59: 处理 Markdown 文件: C:\aoaolife\aoao随笔\政治经济\aoao谈嘉城李.md
2025-11-10 21:39:59: 处理 Markdown 文件: C:\aoaolife\aoao随笔\政治经济\一开始他们就肯定斗不过我们.md
2025-11-10 21:39:59: 处理 Markdown 文件: C:\aoaolife\aoao随笔\政治经济\上什么班，一起去拾黄金，不要告诉别人.md
2025-11-10 21:39:59: 处理 Markdown 文件: C:\aoaolife\aoao随笔\政治经济\上海人还是太软骨头.md
2025-11-10 21:39:59: 处理 Markdown 文件: C:\aoaolife\aoao随笔\政治经济\上班不租房，在车里住，周五回家洗衣服。.md
2025-11-10 21:39:59: 处理 Markdown 文件: C:\aoaolife\aoao随笔\政治经济\两个世界-不远将来.md
2025-11-10 21:39:59: 处理 Markdown 文件: C:\aoaolife\aoao随笔\政治经济\为啥好多外国巨富都找的华人当老婆？.md
2025-11-10 21:39:59: 处理 Markdown 文件: C:\aoaolife\aoao随笔\政治经济\你买的是房子吗？.md
2025-11-10 21:39:59: 处理 Markdown 文件: C:\aoaolife\aoao随笔\政治经济\你听过石刑么，人埋起来，露出头，然后一大群人朝她扔石头，直至死亡。.md
2025-11-10 21:39:59: 处理 Markdown 文件: C:\aoaolife\aoao随笔\政治经济\免费发放猎枪子弹.md
2025-11-10 21:39:59: 处理 Markdown 文件: C:\aoaolife\aoao随笔\政治经济\全球50%蔬菜都被中国人吃了.md
2025-11-10 21:39:59: 处理 Markdown 文件: C:\aoaolife\aoao随笔\政治经济\到处都是XXXX敏感词.md
2025-11-10 21:39:59: 处理 Markdown 文件: C:\aoaolife\aoao随笔\政治经济\同样是80后，我的这个偶像人家已经在批定接班人了。想想就知道自己多失败了。.md
2025-11-10 21:39:59: 处理 Markdown 文件: C:\aoaolife\aoao随笔\政治经济\在中国，对经济贡献最大的四类人！.md
2025-11-10 21:39:59: 处理 Markdown 文件: C:\aoaolife\aoao随笔\政治经济\太平洋中途岛环礁中发现的一只信天翁尸体，腹腔里面都是塑料垃圾.md
2025-11-10 21:39:59: 处理 Markdown 文件: C:\aoaolife\aoao随笔\政治经济\带工牌的社会福利.md
2025-11-10 21:39:59: 处理 Markdown 文件: C:\aoaolife\aoao随笔\政治经济\很多城市都很像.md
2025-11-10 21:39:59: 处理 Markdown 文件: C:\aoaolife\aoao随笔\政治经济\怎么都变少了.md
2025-11-10 21:39:59: 处理 Markdown 文件: C:\aoaolife\aoao随笔\政治经济\我们看别人什么鸟样，别人看我们也是不是也是什么鸟样。.md
2025-11-10 21:39:59: 处理 Markdown 文件: C:\aoaolife\aoao随笔\政治经济\我们都是什么朋友啊-这界年轻人.md
2025-11-10 21:39:59: 处理 Markdown 文件: C:\aoaolife\aoao随笔\政治经济\我现在没有灵魂.md
2025-11-10 21:39:59: 处理 Markdown 文件: C:\aoaolife\aoao随笔\政治经济\李春姬磨石练广播.md
2025-11-10 21:39:59: 处理 Markdown 文件: C:\aoaolife\aoao随笔\政治经济\沙特“未来城市” Neom。希望有机会看到！！.md
2025-11-10 21:39:59: 处理 Markdown 文件: C:\aoaolife\aoao随笔\政治经济\没钱办婚礼，发帖拉了赞助办了个超大婚礼.md
2025-11-10 21:39:59: 处理 Markdown 文件: C:\aoaolife\aoao随笔\政治经济\潘石屹夫妇算是彻底跑了.md
2025-11-10 21:39:59: 处理 Markdown 文件: C:\aoaolife\aoao随笔\政治经济\爸爸真的太重要了！.md
2025-11-10 21:39:59: 处理 Markdown 文件: C:\aoaolife\aoao随笔\政治经济\猜一下现在全球哪个国家监狱犯人最少？.md
2025-11-10 21:39:59: 处理 Markdown 文件: C:\aoaolife\aoao随笔\政治经济\现在洗头也不行了.md
2025-11-10 21:39:59: 处理 Markdown 文件: C:\aoaolife\aoao随笔\政治经济\现在种田都是抽水灌溉，分布式太阳能发电不会被控制.md
2025-11-10 21:39:59: 处理 Markdown 文件: C:\aoaolife\aoao随笔\政治经济\看完阅兵激动完了，所以我军实战力到底怎么样？.md
2025-11-10 21:39:59: 处理 Markdown 文件: C:\aoaolife\aoao随笔\政治经济\美国漂亮女生公交车上被割喉.md
2025-11-10 21:39:59: 处理 Markdown 文件: C:\aoaolife\aoao随笔\政治经济\美国的国策.md
2025-11-10 21:39:59: 处理 Markdown 文件: C:\aoaolife\aoao随笔\政治经济\茶只有两个读音.md
2025-11-10 21:39:59: 处理 Markdown 文件: C:\aoaolife\aoao随笔\政治经济\观鸟神器.md
2025-11-10 21:39:59: 处理 Markdown 文件: C:\aoaolife\aoao随笔\政治经济\论文泛滥的危机.md
2025-11-10 21:39:59: 处理 Markdown 文件: C:\aoaolife\aoao随笔\政治经济\这个台湾的粗状健身男说的还是很有道理的.md
2025-11-10 21:39:59: 处理 Markdown 文件: C:\aoaolife\aoao随笔\政治经济\这西贝真是笑话.md
2025-11-10 21:39:59: 处理 Markdown 文件: C:\aoaolife\aoao随笔\政治经济\避孕套暴跌-这届年轻人做都不想做了.md
2025-11-10 21:39:59: 处理 Markdown 文件: C:\aoaolife\aoao随笔\政治经济\雷军分解特斯拉，拆完再组装起来，发现多了好几个螺丝.md
2025-11-10 21:39:59: 处理 Markdown 文件: C:\aoaolife\aoao随笔\文化教育\80后和90后不知道到底将会有多记恨这个世界.md
2025-11-10 21:39:59: 处理 Markdown 文件: C:\aoaolife\aoao随笔\文化教育\aoao大病后，突然发现如果没了就什么都没了。.md
2025-11-10 21:39:59: 处理 Markdown 文件: C:\aoaolife\aoao随笔\文化教育\aoao聊奥运.md
2025-11-10 21:39:59: 处理 Markdown 文件: C:\aoaolife\aoao随笔\文化教育\一个人可以有多少个朋友？.md
2025-11-10 21:39:59: 处理 Markdown 文件: C:\aoaolife\aoao随笔\文化教育\一只壁虎被钉木板十年，被发现还活着.md
2025-11-10 21:39:59: 处理 Markdown 文件: C:\aoaolife\aoao随笔\文化教育\专家建议年轻人不生孩子死后财产归国家.md
2025-11-10 21:39:59: 处理 Markdown 文件: C:\aoaolife\aoao随笔\文化教育\世界的制度，其实早已藏在餐桌上。.md
2025-11-10 21:39:59: 处理 Markdown 文件: C:\aoaolife\aoao随笔\文化教育\世界真奇妙，啄木鸟是好虫还是坏虫？.md
2025-11-10 21:39:59: 处理 Markdown 文件: C:\aoaolife\aoao随笔\文化教育\为什么好多地方靠左行驶.md
2025-11-10 21:39:59: 处理 Markdown 文件: C:\aoaolife\aoao随笔\文化教育\为啥很多人朋友越来越少.md
2025-11-10 21:39:59: 处理 Markdown 文件: C:\aoaolife\aoao随笔\文化教育\人人都是大神.md
2025-11-10 21:39:59: 处理 Markdown 文件: C:\aoaolife\aoao随笔\文化教育\人类毁灭性的觉醒.md
2025-11-10 21:39:59: 处理 Markdown 文件: C:\aoaolife\aoao随笔\文化教育\兰博基尼鸡_-是真的哦.md
2025-11-10 21:39:59: 处理 Markdown 文件: C:\aoaolife\aoao随笔\文化教育\名人新作.md
2025-11-10 21:39:59: 处理 Markdown 文件: C:\aoaolife\aoao随笔\文化教育\地球上大概有500多种鸡.md
2025-11-10 21:39:59: 处理 Markdown 文件: C:\aoaolife\aoao随笔\文化教育\如果各大厂没了，那整个互联网是不是就没了，你只是一个互联网租客。.md
2025-11-10 21:39:59: 处理 Markdown 文件: C:\aoaolife\aoao随笔\文化教育\妈，白布在哪里.md
2025-11-10 21:39:59: 处理 Markdown 文件: C:\aoaolife\aoao随笔\文化教育\孩子：妈妈我发烧了。妈妈：发烧的英文怎么说？.md
2025-11-10 21:39:59: 处理 Markdown 文件: C:\aoaolife\aoao随笔\文化教育\当你老了，躺在床上时，谁会对你亲呢？.md
2025-11-10 21:39:59: 处理 Markdown 文件: C:\aoaolife\aoao随笔\文化教育\很多侃侃而谈都是表面的像吹泡泡.md
2025-11-10 21:39:59: 处理 Markdown 文件: C:\aoaolife\aoao随笔\文化教育\想不通为什么中国都安装防盗网？.md
2025-11-10 21:39:59: 处理 Markdown 文件: C:\aoaolife\aoao随笔\文化教育\按我说的做，不然就说明原因.md
2025-11-10 21:39:59: 处理 Markdown 文件: C:\aoaolife\aoao随笔\文化教育\敲掉其它人牙齿，安装在自己嘴里面.md
2025-11-10 21:39:59: 处理 Markdown 文件: C:\aoaolife\aoao随笔\文化教育\日本最大的公墓 Okunoin（奥之院）.md
2025-11-10 21:39:59: 处理 Markdown 文件: C:\aoaolife\aoao随笔\文化教育\特斯拉主题餐厅.md
2025-11-10 21:39:59: 处理 Markdown 文件: C:\aoaolife\aoao随笔\文化教育\眼镜蛇效应.md
2025-11-10 21:39:59: 处理 Markdown 文件: C:\aoaolife\aoao随笔\文化教育\船还是原来船么.md
2025-11-10 21:39:59: 处理 Markdown 文件: C:\aoaolife\aoao随笔\文化教育\读大学跟没读大学区别.md
2025-11-10 21:39:59: 处理 Markdown 文件: C:\aoaolife\aoao随笔\文化教育\这个世界太颠了.md
2025-11-10 21:39:59: 处理 Markdown 文件: C:\aoaolife\aoao随笔\文化教育\释迦牟尼佛圆寂.md
2025-11-10 21:39:59: 处理 Markdown 文件: C:\aoaolife\aoao随笔\文化教育\随机的谷歌街景.md
2025-11-10 21:39:59: 处理 Markdown 文件: C:\aoaolife\aoao随笔\文化教育\驴子、老虎和狮子的寓言.md
2025-11-10 21:39:59: 处理 Markdown 文件: C:\aoaolife\aoao随笔\文化教育\鳄鱼这么凶，为什么一条胶带就能封住它的嘴？.md
2025-11-10 21:39:59: 处理 Markdown 文件: C:\aoaolife\aoao随笔\文化教育\鸠占雀巢，鸠就是杜鹃，不自己筑巢，而是把蛋产在别的小鸟（如鹊、莺等）的巢里.md
2025-11-10 21:39:59: 处理 Markdown 文件: C:\aoaolife\aoao随笔\生活感悟\你们每个人都是奴隶现代奴隶数字奴隶云奴隶.md
2025-11-10 21:39:59: 处理 Markdown 文件: C:\aoaolife\aoao随笔\社会娱乐\1932年夏天，一只巨大的老鹰叨走三岁半的小女孩.md
2025-11-10 21:39:59: 处理 Markdown 文件: C:\aoaolife\aoao随笔\社会娱乐\2010年，郑中基与Angelababy高调传出绯闻，阿Sa便与郑中基离婚，阿Sa宣布与陈伟霆在一起。.md
2025-11-10 21:39:59: 处理 Markdown 文件: C:\aoaolife\aoao随笔\社会娱乐\2023年28岁的蔡天凤时尚名媛蔡天凤遭前夫一家合谋杀害，遗体被肢解烹煮，手法冷血残酷。现最近终于判刑成立。.md
2025-11-10 21:39:59: 处理 Markdown 文件: C:\aoaolife\aoao随笔\社会娱乐\aoao谈小米-垃圾消费者.md
2025-11-10 21:39:59: 处理 Markdown 文件: C:\aoaolife\aoao随笔\社会娱乐\aoao谈彩礼-江西天价彩礼.md
2025-11-10 21:39:59: 处理 Markdown 文件: C:\aoaolife\aoao随笔\社会娱乐\aoao谈日本.md
2025-11-10 21:39:59: 处理 Markdown 文件: C:\aoaolife\aoao随笔\社会娱乐\aoao谈杨景某事件.md
2025-11-10 21:39:59: 处理 Markdown 文件: C:\aoaolife\aoao随笔\社会娱乐\aoao谈营养健康.md
2025-11-10 21:39:59: 处理 Markdown 文件: C:\aoaolife\aoao随笔\社会娱乐\aoao谈西贝-aoao谈预制菜.md
2025-11-10 21:39:59: 处理 Markdown 文件: C:\aoaolife\aoao随笔\社会娱乐\《Flowers 花束-Miley Cyrus》无悔无憾的赋权颂，借“原谅你每句话”却舞向自由，麦莉的嗓音如夏风，吹散依恋迷雾，拥抱内在光芒。.md
2025-11-10 21:39:59: 处理 Markdown 文件: C:\aoaolife\aoao随笔\社会娱乐\《Love You Like a Love Song 像一首情歌-Selena Gomez & the Scene》爱情如永循环旋律，捕捉少女心对梦中恋人的甜蜜囚禁与诗意救赎。.md
2025-11-10 21:39:59: 处理 Markdown 文件: C:\aoaolife\aoao随笔\社会娱乐\不如牛马.md
2025-11-10 21:39:59: 处理 Markdown 文件: C:\aoaolife\aoao随笔\社会娱乐\不要看那么多片子.md
2025-11-10 21:39:59: 处理 Markdown 文件: C:\aoaolife\aoao随笔\社会娱乐\中国人不骗XX人.md
2025-11-10 21:39:59: 处理 Markdown 文件: C:\aoaolife\aoao随笔\社会娱乐\人生的开头和结尾.md
2025-11-10 21:39:59: 处理 Markdown 文件: C:\aoaolife\aoao随笔\社会娱乐\人老了会这样.md
2025-11-10 21:39:59: 处理 Markdown 文件: C:\aoaolife\aoao随笔\社会娱乐\优质平庸.md
2025-11-10 21:39:59: 处理 Markdown 文件: C:\aoaolife\aoao随笔\社会娱乐\你们觉得哪对是真爱？.md
2025-11-10 21:39:59: 处理 Markdown 文件: C:\aoaolife\aoao随笔\社会娱乐\全是草台班子.md
2025-11-10 21:39:59: 处理 Markdown 文件: C:\aoaolife\aoao随笔\社会娱乐\刘嘉玲为什么不生孩子.md
2025-11-10 21:39:59: 处理 Markdown 文件: C:\aoaolife\aoao随笔\社会娱乐\刘若英意外怀孕.md
2025-11-10 21:39:59: 处理 Markdown 文件: C:\aoaolife\aoao随笔\社会娱乐\刘诗诗咬破吴奇隆的嘴唇.md
2025-11-10 21:39:59: 处理 Markdown 文件: C:\aoaolife\aoao随笔\社会娱乐\刘诗诗把吴奇隆的嘴唇咬出了血.md
2025-11-10 21:39:59: 处理 Markdown 文件: C:\aoaolife\aoao随笔\社会娱乐\只有你老婆可以自己选择.md
2025-11-10 21:39:59: 处理 Markdown 文件: C:\aoaolife\aoao随笔\社会娱乐\只有死了才是年轻.md
2025-11-10 21:39:59: 处理 Markdown 文件: C:\aoaolife\aoao随笔\社会娱乐\台湾省跟大陆区别.md
2025-11-10 21:39:59: 处理 Markdown 文件: C:\aoaolife\aoao随笔\社会娱乐\后面看看民众的智商了，看还多少人去。.md
2025-11-10 21:39:59: 处理 Markdown 文件: C:\aoaolife\aoao随笔\社会娱乐\向华强的儿子向佑东莞被修理.md
2025-11-10 21:39:59: 处理 Markdown 文件: C:\aoaolife\aoao随笔\社会娱乐\吴宗宪大吼周杰伦妻子还债.md
2025-11-10 21:39:59: 处理 Markdown 文件: C:\aoaolife\aoao随笔\社会娱乐\在中国健康又省钱的吃的其实很简单.md
2025-11-10 21:39:59: 处理 Markdown 文件: C:\aoaolife\aoao随笔\社会娱乐\大人挣钱，小孩学习.md
2025-11-10 21:39:59: 处理 Markdown 文件: C:\aoaolife\aoao随笔\社会娱乐\大妈凌晨使用广场舞音响播放“闹钟”滴滴滴声音，反报复打扰她们广场舞的居民.md
2025-11-10 21:39:59: 处理 Markdown 文件: C:\aoaolife\aoao随笔\社会娱乐\女孩纹身.md
2025-11-10 21:39:59: 处理 Markdown 文件: C:\aoaolife\aoao随笔\社会娱乐\好的习惯.md
2025-11-10 21:39:59: 处理 Markdown 文件: C:\aoaolife\aoao随笔\社会娱乐\好精致的老太婆.md
2025-11-10 21:39:59: 处理 Markdown 文件: C:\aoaolife\aoao随笔\社会娱乐\如果我眼睛没了，腿没了，你还爱我吗.md
2025-11-10 21:39:59: 处理 Markdown 文件: C:\aoaolife\aoao随笔\社会娱乐\妈妈把女儿囚禁25年.md
2025-11-10 21:39:59: 处理 Markdown 文件: C:\aoaolife\aoao随笔\社会娱乐\孙俪爸爸还住在平民窟.md
2025-11-10 21:39:59: 处理 Markdown 文件: C:\aoaolife\aoao随笔\社会娱乐\安以轩本被大S截胡汪小菲.md
2025-11-10 21:39:59: 处理 Markdown 文件: C:\aoaolife\aoao随笔\社会娱乐\容祖儿-杨受成-夹寸卷.md
2025-11-10 21:39:59: 处理 Markdown 文件: C:\aoaolife\aoao随笔\社会娱乐\寡妇喜欢和年轻人睡觉.md
2025-11-10 21:39:59: 处理 Markdown 文件: C:\aoaolife\aoao随笔\社会娱乐\尊龙林青霞双胞胎转世？.md
2025-11-10 21:39:59: 处理 Markdown 文件: C:\aoaolife\aoao随笔\社会娱乐\张惠妹男友跑路.md
2025-11-10 21:39:59: 处理 Markdown 文件: C:\aoaolife\aoao随笔\社会娱乐\怎么控制一个男人.md
2025-11-10 21:39:59: 处理 Markdown 文件: C:\aoaolife\aoao随笔\社会娱乐\我是陈凯歌我也选陈红，不选倪萍.md
2025-11-10 21:39:59: 处理 Markdown 文件: C:\aoaolife\aoao随笔\社会娱乐\我的族谱.md
2025-11-10 21:39:59: 处理 Markdown 文件: C:\aoaolife\aoao随笔\社会娱乐\无标题.md
2025-11-10 21:39:59: 处理 Markdown 文件: C:\aoaolife\aoao随笔\社会娱乐\日本有一个传说.md
2025-11-10 21:39:59: 处理 Markdown 文件: C:\aoaolife\aoao随笔\社会娱乐\易中天读二十四史.md
2025-11-10 21:39:59: 处理 Markdown 文件: C:\aoaolife\aoao随笔\社会娱乐\本质.md
2025-11-10 21:39:59: 处理 Markdown 文件: C:\aoaolife\aoao随笔\社会娱乐\朱茵：如果能让我回到20岁，我会直接去找我的老公黄贯中。.md
2025-11-10 21:39:59: 处理 Markdown 文件: C:\aoaolife\aoao随笔\社会娱乐\杀手外包.md
2025-11-10 21:39:59: 处理 Markdown 文件: C:\aoaolife\aoao随笔\社会娱乐\武汉大学的日本国旗白椅，你怎么看？我每个月都要甩我老婆一巴掌，因为她的姨妈巾滴漏得也很红很圆。.md
2025-11-10 21:39:59: 处理 Markdown 文件: C:\aoaolife\aoao随笔\社会娱乐\没钱好卑微啊.md
2025-11-10 21:39:59: 处理 Markdown 文件: C:\aoaolife\aoao随笔\社会娱乐\法国无私教真本事.md
2025-11-10 21:39:59: 处理 Markdown 文件: C:\aoaolife\aoao随笔\社会娱乐\深圳海贝湾有一家便利店，坐落在悬崖之上，面朝大海，在网上被称为“深圳最美便利店”。.md
2025-11-10 21:39:59: 处理 Markdown 文件: C:\aoaolife\aoao随笔\社会娱乐\狒狒面对死亡.md
2025-11-10 21:39:59: 处理 Markdown 文件: C:\aoaolife\aoao随笔\社会娱乐\现在比谁没有房.md
2025-11-10 21:39:59: 处理 Markdown 文件: C:\aoaolife\aoao随笔\社会娱乐\现在送月饼就是侮辱人.md
2025-11-10 21:39:59: 处理 Markdown 文件: C:\aoaolife\aoao随笔\社会娱乐\留下你的邮件地址 ，每天向你发一条死亡提醒。.md
2025-11-10 21:39:59: 处理 Markdown 文件: C:\aoaolife\aoao随笔\社会娱乐\给各位一个建议：.md
2025-11-10 21:39:59: 处理 Markdown 文件: C:\aoaolife\aoao随笔\社会娱乐\网络时代新名词_.md
2025-11-10 21:39:59: 处理 Markdown 文件: C:\aoaolife\aoao随笔\社会娱乐\被活埋83小时：芭芭拉·简·马克尔绑架案.md
2025-11-10 21:39:59: 处理 Markdown 文件: C:\aoaolife\aoao随笔\社会娱乐\西贝贾老板钱太好挣了都不知道自己是谁了.md
2025-11-10 21:39:59: 处理 Markdown 文件: C:\aoaolife\aoao随笔\社会娱乐\谢霆锋送他爸爸劳斯莱斯.md
2025-11-10 21:39:59: 处理 Markdown 文件: C:\aoaolife\aoao随笔\社会娱乐\货币流通中产生价值，流动的钱才有意义，一直不懂，现在大概懂了.md
2025-11-10 21:39:59: 处理 Markdown 文件: C:\aoaolife\aoao随笔\社会娱乐\这个CEO有点SB，活活要把自己整倒闭.md
2025-11-10 21:39:59: 处理 Markdown 文件: C:\aoaolife\aoao随笔\社会娱乐\这平衡.md
2025-11-10 21:39:59: 处理 Markdown 文件: C:\aoaolife\aoao随笔\社会娱乐\这西贝强贱了人们.md
2025-11-10 21:39:59: 处理 Markdown 文件: C:\aoaolife\aoao随笔\社会娱乐\那年他才八岁，就是从那天开始我意识到我永远比不上他。.md
2025-11-10 21:39:59: 处理 Markdown 文件: C:\aoaolife\aoao随笔\社会娱乐\金正恩同志打蓝球.md
2025-11-10 21:39:59: 处理 Markdown 文件: C:\aoaolife\aoao随笔\社会娱乐\长得太帅被打，最近人脸都用不了，怎么办？怎么办？使用国家CTID APP.md
2025-11-10 21:39:59: 处理 Markdown 文件: C:\aoaolife\aoao随笔\社会娱乐\阶层固化研究.md
2025-11-10 21:39:59: 处理 Markdown 文件: C:\aoaolife\aoao随笔\社会娱乐\随缘，随遇而安。.md
2025-11-10 21:39:59: 处理 Markdown 文件: C:\aoaolife\aoao随笔\社会娱乐\难杀老外的中文听力十级考试.md
2025-11-10 21:39:59: 处理 Markdown 文件: C:\aoaolife\aoao随笔\社会娱乐\韩红被继父赶出家门.md
2025-11-10 21:39:59: 处理 Markdown 文件: C:\aoaolife\aoao随笔\社会娱乐\饿死在食物周围的科学家.md
2025-11-10 21:39:59: 处理 Markdown 文件: C:\aoaolife\aoao随笔\社会娱乐\马桶喷开水，会阴二度烧伤.md
2025-11-10 21:39:59: 处理 Markdown 文件: C:\aoaolife\aoao随笔\社会娱乐\高速堵车应该可以缓解不少了.md
2025-11-10 21:39:59: 处理 Markdown 文件: C:\aoaolife\aoao随笔\社会娱乐\鳄鱼性别是由孵化温度决定的.md
2025-11-10 21:39:59: 处理 Markdown 文件: C:\aoaolife\aoao随笔\社会娱乐\黄渤和他老婆的故事.md
2025-11-10 21:39:59: 处理 Markdown 文件: C:\aoaolife\aoao随笔\科技技术\aoao谈无人机.md
2025-11-10 21:39:59: 处理 Markdown 文件: C:\aoaolife\aoao随笔\科技技术\不远未来是不是带个眼镜就可以实现电脑手机所有功能？.md
2025-11-10 21:39:59: 处理 Markdown 文件: C:\aoaolife\aoao随笔\科技技术\不需要外部电力的电动列车.md
2025-11-10 21:39:59: 处理 Markdown 文件: C:\aoaolife\aoao随笔\科技技术\今天部署了下w-okada voice-changer AI进行实时语音转换直播可以换成你想要声音。.md
2025-11-10 21:39:59: 处理 Markdown 文件: C:\aoaolife\aoao随笔\科技技术\华为和苹果手机使用人群。苹果爱慕虚荣的穷人买得起的最廉价的奢侈品之一。.md
2025-11-10 21:39:59: 处理 Markdown 文件: C:\aoaolife\aoao随笔\科技技术\城市已经全是摄像头传感器.md
2025-11-10 21:39:59: 处理 Markdown 文件: C:\aoaolife\aoao随笔\科技技术\所有信息已被AI训练完了，下一步怎么办？.md
2025-11-10 21:39:59: 处理 Markdown 文件: C:\aoaolife\aoao随笔\科技技术\无线耳机耳环.md
2025-11-10 21:39:59: 处理 Markdown 文件: C:\aoaolife\aoao随笔\科技技术\每个人的一生都是一个故事,使用AI智能眼镜，隔一段时间自动拍照，加入自动描述记录成传记.md
2025-11-10 21:39:59: 处理 Markdown 文件: C:\aoaolife\aoao随笔\科技技术\激光武器-原来它打不了太远.md
2025-11-10 21:39:59: 处理 Markdown 文件: C:\aoaolife\aoao随笔\科技技术\电池发展，电车越来越不错。.md
2025-11-10 21:39:59: 处理 Markdown 文件: C:\aoaolife\aoao随笔\科技技术\记录个小技巧开机执行exe.md
2025-11-10 21:39:59: 处理 Markdown 文件: C:\aoaolife\aoao随笔\科技技术\身体植入一个芯片，手机钥匙啥也不用带了.md
2025-11-10 21:39:59: 处理 Markdown 文件: C:\aoaolife\aoao随笔\科技技术\这个匿名交友应用正经么.md
2025-11-10 21:39:59: 处理 Markdown 文件: C:\aoaolife\aoao随笔\科技技术\马斯克绩效奖金7,120,000,000,000元，81880吨.md
2025-11-10 21:39:59: 处理 Markdown 文件: C:\aoaolife\经典幽默笑话\内涵笑话\一个动作不同时期叫法.md
2025-11-10 21:39:59: 处理 Markdown 文件: C:\aoaolife\经典幽默笑话\内涵笑话\我和她都没有变.md
2025-11-10 21:39:59: 处理 Markdown 文件: C:\aoaolife\经典幽默笑话\内涵笑话\新郎是老爸同学，新娘是我同学.md
2025-11-10 21:39:59: 处理 Markdown 文件: C:\aoaolife\经典幽默笑话\内涵笑话\无标题.md
2025-11-10 21:39:59: 处理 Markdown 文件: C:\aoaolife\经典幽默笑话\内涵笑话\无标题_1.md
2025-11-10 21:39:59: 处理 Markdown 文件: C:\aoaolife\经典幽默笑话\内涵笑话\无标题_2.md
2025-11-10 21:39:59: 处理 Markdown 文件: C:\aoaolife\经典幽默笑话\内涵笑话\爱一个人是藏不住的。_爱两个人一定要藏住。.md
2025-11-10 21:39:59: 处理 Markdown 文件: C:\aoaolife\经典幽默笑话\内涵笑话\男人爱好，女人爱好。.md
2025-11-10 21:39:59: 处理 Markdown 文件: C:\aoaolife\经典幽默笑话\内涵笑话\睡前小故事.md
2025-11-10 21:39:59: 处理 Markdown 文件: C:\aoaolife\经典幽默笑话\冷笑话\aoao自己扯自己头发逃出沼泽.md
2025-11-10 21:39:59: 处理 Markdown 文件: C:\aoaolife\经典幽默笑话\冷笑话\中医专家建议.md
2025-11-10 21:39:59: 处理 Markdown 文件: C:\aoaolife\经典幽默笑话\冷笑话\买房子一定不要买太大的.md
2025-11-10 21:39:59: 处理 Markdown 文件: C:\aoaolife\经典幽默笑话\冷笑话\你能看懂我写的什么.md
2025-11-10 21:39:59: 处理 Markdown 文件: C:\aoaolife\经典幽默笑话\成人笑话\以后不许开这样玩笑了.md
2025-11-10 21:39:59: 处理 Markdown 文件: C:\aoaolife\经典幽默笑话\成人笑话\卖鸡蛋的妇女.md
2025-11-10 21:39:59: 处理 Markdown 文件: C:\aoaolife\经典幽默笑话\成人笑话\原来是旺仔小馒头.md
2025-11-10 21:39:59: 处理 Markdown 文件: C:\aoaolife\经典幽默笑话\成人笑话\夜，二人电话私语.md
2025-11-10 21:39:59: 处理 Markdown 文件: C:\aoaolife\经典幽默笑话\成人笑话\电池鼓包的原因.md
2025-11-10 21:39:59: 处理 Markdown 文件: C:\aoaolife\经典幽默笑话\成人笑话\男人一生只爽8个小时.md
2025-11-10 21:39:59: 处理 Markdown 文件: C:\aoaolife\网友名人名言\名人名言\“继续去做”（keep doing）.md
2025-11-10 21:39:59: 处理 Markdown 文件: C:\aoaolife\网友名人名言\名人名言\一个人在社会上，礼貌是没有用.md
2025-11-10 21:39:59: 处理 Markdown 文件: C:\aoaolife\网友名人名言\名人名言\儒释道.md
2025-11-10 21:39:59: 处理 Markdown 文件: C:\aoaolife\网友名人名言\名人名言\写情书的少男少女可以用这句。.md
2025-11-10 21:39:59: 处理 Markdown 文件: C:\aoaolife\网友名人名言\名人名言\成大事.md
2025-11-10 21:39:59: 处理 Markdown 文件: C:\aoaolife\网友名人名言\名人名言\我还想你再打一针.md
2025-11-10 21:39:59: 处理 Markdown 文件: C:\aoaolife\网友名人名言\名人名言\没用的人什么都不是.md
2025-11-10 21:39:59: 处理 Markdown 文件: C:\aoaolife\网友名人名言\名人名言\笑，全世界便与你同声笑，哭，你便独自哭。.md
2025-11-10 21:39:59: 处理 Markdown 文件: C:\aoaolife\网友名人名言\名人名言\认知能力低的人更可能幸福、健康和长寿.md
2025-11-10 21:39:59: 处理 Markdown 文件: C:\aoaolife\网友名人名言\名人名言\谁说现在是冬天呢_当你在我身旁时，我感到百花齐放，鸟唱蝉鸣。.md
2025-11-10 21:39:59: 处理 Markdown 文件: C:\aoaolife\网友名人名言\大V言论\不要跟本质有毒的人交易.md
2025-11-10 21:39:59: 处理 Markdown 文件: C:\aoaolife\网友名人名言\大V言论\不要轻易在网上与人争论.md
2025-11-10 21:39:59: 处理 Markdown 文件: C:\aoaolife\网友名人名言\大V言论\什么是离婚、分手.md
2025-11-10 21:39:59: 处理 Markdown 文件: C:\aoaolife\网友名人名言\大V言论\吃饭配精.md
2025-11-10 21:39:59: 处理 Markdown 文件: C:\aoaolife\网友名人名言\大V言论\拼多多，中国人自己的心理医生~.md
2025-11-10 21:39:59: 处理 Markdown 文件: C:\aoaolife\网友名人名言\大V言论\擦屁股对比生活.md
2025-11-10 21:39:59: 处理 Markdown 文件: C:\aoaolife\网友名人名言\大V言论\文化没有什么值得骄傲的，文明才值得骄傲。.md
2025-11-10 21:39:59: 处理 Markdown 文件: C:\aoaolife\网友名人名言\大V言论\无耻就够了.md
2025-11-10 21:39:59: 处理 Markdown 文件: C:\aoaolife\网友名人名言\大V言论\有些圈的女人你别碰.md
2025-11-10 21:39:59: 处理 Markdown 文件: C:\aoaolife\网友名人名言\大V言论\静电是穷得叮当响的声音.md
2025-11-10 21:39:59: 处理 Markdown 文件: C:\aoaolife\网友名人名言\心灵鸡汤\与这10种人聊天可开阔视野.md
2025-11-10 21:39:59: 处理 Markdown 文件: C:\aoaolife\网友名人名言\心灵鸡汤\人性.md
2025-11-10 21:39:59: 处理 Markdown 文件: C:\aoaolife\网友名人名言\心灵鸡汤\人生“四行”.md
2025-11-10 21:39:59: 处理 Markdown 文件: C:\aoaolife\网友名人名言\心灵鸡汤\人类所有纷争解决之道很简单.md
2025-11-10 21:39:59: 处理 Markdown 文件: C:\aoaolife\网友名人名言\心灵鸡汤\人要学知识，更要涨见识。.md
2025-11-10 21:39:59: 处理 Markdown 文件: C:\aoaolife\网友名人名言\心灵鸡汤\什么叫三思？.md
2025-11-10 21:40:00: 处理 Markdown 文件: C:\aoaolife\网友名人名言\心灵鸡汤\什么是命运.md
2025-11-10 21:40:00: 处理 Markdown 文件: C:\aoaolife\网友名人名言\心灵鸡汤\什么是幸福.md
2025-11-10 21:40:00: 处理 Markdown 文件: C:\aoaolife\网友名人名言\心灵鸡汤\少和垃圾一般见识.md
2025-11-10 21:40:00: 处理 Markdown 文件: C:\aoaolife\网友名人名言\心灵鸡汤\怎么样最快的识人_.md
2025-11-10 21:40:00: 处理 Markdown 文件: C:\aoaolife\网友名人名言\心灵鸡汤\每个人还是应该B大点.md
2025-11-10 21:40:00: 处理 Markdown 文件: C:\aoaolife\网友名人名言\心灵鸡汤\没钱真要命.md
2025-11-10 21:40:00: 处理 Markdown 文件: C:\aoaolife\网友名人名言\心灵鸡汤\珍惜你做的每一次.md
2025-11-10 21:40:00: 处理 Markdown 文件: C:\aoaolife\网友名人名言\心灵鸡汤\该有的，总会有.md
2025-11-10 21:40:00: 处理 Markdown 文件: C:\aoaolife\网友名人名言\心灵鸡汤\这个时代你错，你不知道，是你主观原因.md
2025-11-10 21:40:00: 处理 Markdown 文件: C:\aoaolife\网友名人名言\网友言论\一文不值.md
2025-11-10 21:40:00: 处理 Markdown 文件: C:\aoaolife\网友名人名言\网友言论\中国与世界.md
2025-11-10 21:40:00: 处理 Markdown 文件: C:\aoaolife\网友名人名言\网友言论\中国人的游戏深刻体现中国的特有文化.md
2025-11-10 21:40:00: 处理 Markdown 文件: C:\aoaolife\网友名人名言\网友言论\为什么中国出不了牛顿_.md
2025-11-10 21:40:00: 处理 Markdown 文件: C:\aoaolife\网友名人名言\网友言论\医生家的孩子教师家的孩子.md
2025-11-10 21:40:00: 处理 Markdown 文件: C:\aoaolife\网友名人名言\网友言论\四大名著真谛.md
2025-11-10 21:40:00: 处理 Markdown 文件: C:\aoaolife\网友名人名言\网友言论\我们当老师的要默念.md
2025-11-10 21:40:00: 处理 Markdown 文件: C:\aoaolife\网友名人名言\网友言论\找对象要趁早.md
2025-11-10 21:40:00: 处理 Markdown 文件: C:\aoaolife\网友名人名言\网友言论\挣钱不容易的.md
2025-11-10 21:40:00: 处理 Markdown 文件: C:\aoaolife\网友名人名言\网友言论\教你吃胡萝卜.md
2025-11-10 21:40:00: 处理 Markdown 文件: C:\aoaolife\网友名人名言\网友言论\无标题.md
2025-11-10 21:40:00: 处理 Markdown 文件: C:\aoaolife\网友名人名言\网友言论\有时间陪孩子一起去认识一下社会.md
2025-11-10 21:40:00: 处理 Markdown 文件: C:\aoaolife\网友名人名言\网友言论\牛马对联.md
2025-11-10 21:40:00: 处理 Markdown 文件: C:\aoaolife\网友名人名言\网友言论\穷人富人差别.md
2025-11-10 21:40:00: 处理 Markdown 文件: C:\aoaolife\网友名人名言\网友言论\能源效率的诅咒.md
2025-11-10 21:40:00: 处理 Markdown 文件: C:\aoaolife\网友名人名言\网友言论\蝉真的是世界.上最摇滚的生物.md
2025-11-10 21:40:00: 处理 Markdown 文件: C:\aoaolife\网友名人名言\网友言论\长大后发现童话故事原来是寓言故事.md
2025-11-10 21:40:00: 收集到 311 个 Markdown 文件
2025-11-10 21:40:00: 计算年进度完成
2025-11-10 21:40:00: 生成文章页面: C:\aoaolifepublic\网友名人名言/名人名言/我还想你再打一针.html
2025-11-10 21:40:00: 生成文章页面: C:\aoaolifepublic\网友名人名言/名人名言/谁说现在是冬天呢_当你在我身旁时，我感到百花齐放，鸟唱蝉鸣。.html
2025-11-10 21:40:00: 生成文章页面: C:\aoaolifepublic\aoao随笔/文化教育/专家建议年轻人不生孩子死后财产归国家.html
2025-11-10 21:40:00: 生成文章页面: C:\aoaolifepublic\网友名人名言/心灵鸡汤/与这10种人聊天可开阔视野.html
2025-11-10 21:40:00: 生成文章页面: C:\aoaolifepublic\aoao生活/aoao阅读学习/感动壁虎故事.html
2025-11-10 21:40:00: 生成文章页面: C:\aoaolifepublic\网友名人名言/大V言论/吃饭配精.html
2025-11-10 21:40:00: 生成文章页面: C:\aoaolifepublic\aoao随笔/文化教育/为什么好多地方靠左行驶.html
2025-11-10 21:40:00: 生成文章页面: C:\aoaolifepublic\网友名人名言/心灵鸡汤/这个时代你错，你不知道，是你主观原因.html
2025-11-10 21:40:00: 生成文章页面: C:\aoaolifepublic\经典幽默笑话/成人笑话/男人一生只爽8个小时.html
2025-11-10 21:40:00: 生成文章页面: C:\aoaolifepublic\aoao随笔/政治经济/我们看别人什么鸟样，别人看我们也是不是也是什么鸟样。.html
2025-11-10 21:40:00: 生成文章页面: C:\aoaolifepublic\网友名人名言/心灵鸡汤/该有的，总会有.html
2025-11-10 21:40:00: 生成文章页面: C:\aoaolifepublic\网友名人名言/大V言论/不要跟本质有毒的人交易.html
2025-11-10 21:40:00: 生成文章页面: C:\aoaolifepublic\aoao随笔/文化教育/一个人可以有多少个朋友？.html
2025-11-10 21:40:00: 生成文章页面: C:\aoaolifepublic\aoao随笔/社会娱乐/女孩纹身.html
2025-11-10 21:40:00: 生成文章页面: C:\aoaolifepublic\aoao随笔/aoao娱乐八卦/郑伊健的几段恋情.html
2025-11-10 21:40:00: 生成文章页面: C:\aoaolifepublic\aoao随笔/科技技术/aoao谈无人机.html
2025-11-10 21:40:00: 生成文章页面: C:\aoaolifepublic\aoao生活/aoao娱乐八卦/张敏脸颊无肉，不富贵，恐克夫.html
2025-11-10 21:40:00: 生成文章页面: C:\aoaolifepublic\网友名人名言/网友言论/能源效率的诅咒.html
2025-11-10 21:40:00: 生成文章页面: C:\aoaolifepublic\aoao生活/aoao娱乐八卦/叶蕴仪拒绝林志颖的表白.html
2025-11-10 21:40:00: 生成文章页面: C:\aoaolifepublic\aoao随笔/社会娱乐/刘诗诗咬破吴奇隆的嘴唇.html
2025-11-10 21:40:00: 生成文章页面: C:\aoaolifepublic\aoao随笔/文化教育/日本最大的公墓 Okunoin（奥之院）.html
2025-11-10 21:40:00: 生成文章页面: C:\aoaolifepublic\aoao随笔/政治经济/上海人还是太软骨头.html
2025-11-10 21:40:00: 生成文章页面: C:\aoaolifepublic\aoao随笔/社会娱乐/台湾省跟大陆区别.html
2025-11-10 21:40:00: 生成文章页面: C:\aoaolifepublic\aoao生活/aoao电影电视/电影《头号玩家》（Ready Player One）.html
2025-11-10 21:40:00: 生成文章页面: C:\aoaolifepublic\aoao随笔/社会娱乐/aoao谈彩礼-江西天价彩礼.html
2025-11-10 21:40:00: 生成文章页面: C:\aoaolifepublic\aoaoTemp/没注册好邮箱001.html
2025-11-10 21:40:00: 生成文章页面: C:\aoaolifepublic\aoao随笔/社会娱乐/只有你老婆可以自己选择.html
2025-11-10 21:40:00: 生成文章页面: C:\aoaolifepublic\网友名人名言/名人名言/笑，全世界便与你同声笑，哭，你便独自哭。.html
2025-11-10 21:40:00: 生成文章页面: C:\aoaolifepublic\aoao随笔/政治经济/aoao谈嘉城李.html
2025-11-10 21:40:00: 生成文章页面: C:\aoaolifepublic\aoao人工技术服务咨询/001-aoao免费福利/Perplexity AI 高级会员Paypal用户免费200美元.html
2025-11-10 21:40:00: 生成文章页面: C:\aoaolifepublic\aoao随笔/政治经济/看完阅兵激动完了，所以我军实战力到底怎么样？.html
2025-11-10 21:40:00: 生成文章页面: C:\aoaolifepublic\aoaoIT技术项目/aoao信息网络安全/分级保护全套方案-aoaoIT技术项目-aoao信息网络安全.html
2025-11-10 21:40:00: 生成主页页面 1: C:\aoaolifepublic\index.html
2025-11-10 21:40:00: 生成主页页面 2: C:\aoaolifepublic\index_2.html
2025-11-10 21:40:00: 生成主页页面 3: C:\aoaolifepublic\index_3.html
2025-11-10 21:40:00: 生成主页页面 4: C:\aoaolifepublic\index_4.html
2025-11-10 21:40:00: 生成主页页面 5: C:\aoaolifepublic\index_5.html
2025-11-10 21:40:00: 生成主页页面 6: C:\aoaolifepublic\index_6.html
2025-11-10 21:40:00: 生成主页页面 7: C:\aoaolifepublic\index_7.html
2025-11-10 21:40:00: 生成主页页面 8: C:\aoaolifepublic\index_8.html
2025-11-10 21:40:00: 生成主页页面 9: C:\aoaolifepublic\index_9.html
2025-11-10 21:40:00: 生成主页页面 10: C:\aoaolifepublic\index_10.html
2025-11-10 21:40:00: 生成主页页面 11: C:\aoaolifepublic\index_11.html
2025-11-10 21:40:00: 生成主页页面 12: C:\aoaolifepublic\index_12.html
2025-11-10 21:40:00: 生成主页页面 13: C:\aoaolifepublic\index_13.html
2025-11-10 21:40:00: 生成主页页面 14: C:\aoaolifepublic\index_14.html
2025-11-10 21:40:00: 生成主页页面 15: C:\aoaolifepublic\index_15.html
2025-11-10 21:40:00: 生成主页页面 16: C:\aoaolifepublic\index_16.html
2025-11-10 21:40:00: 生成主页页面 17: C:\aoaolifepublic\index_17.html
2025-11-10 21:40:00: 生成主页页面 18: C:\aoaolifepublic\index_18.html
2025-11-10 21:40:00: 生成主页页面 19: C:\aoaolifepublic\index_19.html
2025-11-10 21:40:00: 生成主页页面 20: C:\aoaolifepublic\index_20.html
2025-11-10 21:40:00: 生成主页页面 21: C:\aoaolifepublic\index_21.html
2025-11-10 21:40:00: 生成主页页面 22: C:\aoaolifepublic\index_22.html
2025-11-10 21:40:00: 生成主页页面 23: C:\aoaolifepublic\index_23.html
2025-11-10 21:40:00: 生成主页页面 24: C:\aoaolifepublic\index_24.html
2025-11-10 21:40:00: 生成主页页面 25: C:\aoaolifepublic\index_25.html
2025-11-10 21:40:00: 生成主页页面 26: C:\aoaolifepublic\index_26.html
2025-11-10 21:40:00: 生成主页页面 27: C:\aoaolifepublic\index_27.html
2025-11-10 21:40:00: 生成主页页面 28: C:\aoaolifepublic\index_28.html
2025-11-10 21:40:00: 生成主页页面 29: C:\aoaolifepublic\index_29.html
2025-11-10 21:40:00: 生成主页页面 30: C:\aoaolifepublic\index_30.html
2025-11-10 21:40:00: 生成主页页面 31: C:\aoaolifepublic\index_31.html
2025-11-10 21:40:00: 生成主页页面 32: C:\aoaolifepublic\index_32.html
2025-11-10 21:40:00: 处理特殊 Markdown 文件: C:\aoaolife\aoao人工技术服务咨询\aoao.life网页截图系统.md
2025-11-10 21:40:00: 处理特殊 Markdown 文件: C:\aoaolife\aoao人工技术服务咨询\001-aoao免费福利\Perplexity AI 高级会员Paypal用户免费200美元.md
2025-11-10 21:40:00: 处理特殊 Markdown 文件: C:\aoaolife\aoao人工技术服务咨询\001-aoao免费福利\免费发放edu邮箱，大型企业邮箱.md
2025-11-10 21:40:00: 处理特殊 Markdown 文件: C:\aoaolife\aoao人工技术服务咨询\aoaoPython静态网站生成发布系统\aoaoPython静态网站生成发布系统.md
2025-11-10 21:40:00: 处理特殊 Markdown 文件: C:\aoaolife\aoao人工技术服务咨询\aoao图片视频压缩水印工具\aoao图片视频压缩水印工具.md
2025-11-10 21:40:00: 处理特殊 Markdown 文件: C:\aoaolife\aoao人工技术服务咨询\aoao无效邮箱地址清除系统\aoao无效邮箱地址清除系统.md
2025-11-10 21:40:00: 处理特殊 Markdown 文件: C:\aoaolife\aoao人工技术服务咨询\aoao爬虫系统\aoao网站网页拉取系统数据采集.md
2025-11-10 21:40:00: 处理特殊 Markdown 文件: C:\aoaolife\aoao人工技术服务咨询\aoao邮件系统邮件群发系统\aoao邮件EDM发送系统邮件群发系统.md
2025-11-10 21:40:00: 收集到 8 个特殊 Markdown 文件
2025-11-10 21:40:00: 解析 Markdown 文件 C:\aoaolife\aoao人工技术服务咨询\aoao.life网页截图系统.md 时出错: 'str' object has no attribute 'parent'
2025-11-10 21:40:00: 解析 Markdown 文件 C:\aoaolife\aoao人工技术服务咨询\001-aoao免费福利\Perplexity AI 高级会员Paypal用户免费200美元.md 时出错: 'str' object has no attribute 'parent'
2025-11-10 21:40:00: 解析 Markdown 文件 C:\aoaolife\aoao人工技术服务咨询\001-aoao免费福利\免费发放edu邮箱，大型企业邮箱.md 时出错: 'str' object has no attribute 'parent'
2025-11-10 21:40:00: 解析 Markdown 文件 C:\aoaolife\aoao人工技术服务咨询\aoaoPython静态网站生成发布系统\aoaoPython静态网站生成发布系统.md 时出错: 'str' object has no attribute 'parent'
2025-11-10 21:40:00: 生成关于页面: C:\aoaolifepublic\about.html
2025-11-10 21:40:00: 复制静态文件到 public/static
2025-11-10 21:40:00: 启动HTTP服务器以生成高质量截图...
2025-11-10 21:40:33: 解析 Markdown 文件 C:\aoaolife\aoao人工技术服务咨询\aoao图片视频压缩水印工具\aoao图片视频压缩水印工具.md 时出错: 'str' object has no attribute 'parent'
2025-11-10 21:40:33: 解析 Markdown 文件 C:\aoaolife\aoao人工技术服务咨询\aoao无效邮箱地址清除系统\aoao无效邮箱地址清除系统.md 时出错: 'str' object has no attribute 'parent'
2025-11-10 21:40:33: 解析 Markdown 文件 C:\aoaolife\aoao人工技术服务咨询\aoao爬虫系统\aoao网站网页拉取系统数据采集.md 时出错: 'str' object has no attribute 'parent'
2025-11-10 21:40:33: 解析 Markdown 文件 C:\aoaolife\aoao人工技术服务咨询\aoao邮件系统邮件群发系统\aoao邮件EDM发送系统邮件群发系统.md 时出错: 'str' object has no attribute 'parent'
2025-11-10 21:40:33: 生成 aoaoindex 页面 1: C:\aoaolifepublic\aoaoindex.html
2025-11-10 21:40:33: HTTP服务器启动于端口 8000
2025-11-10 21:40:33: 5K手机截图保存成功: C:\Users\focus\Downloads\aoaolife_5k_phone.png
2025-11-10 21:40:33: Markdown文件保存成功: C:\Users\focus\Downloads\website_screenshot.md
2025-11-10 21:40:33: HTML文件保存成功: C:\Users\focus\Downloads\website_screenshot.html
2025-11-10 21:40:33: HTTP服务器已停止
2025-11-10 21:40:33: 网站生成完成！
